Start testing: Mar 19 08:57 PDT
----------------------------------------------------------
1/5 Testing: TestController1
1/5 Test: TestController1
Command: "/home/timmyhussain/Documents/16.35/2/build/test_controller" "fail"
Directory: /home/timmyhussain/Documents/16.35/2/build
"TestController1" start time: Mar 19 08:57 PDT
Output:
----------------------------------------------------------
<end of output>
Test time =   0.00 sec
----------------------------------------------------------
Test Failed.
"TestController1" end time: Mar 19 08:57 PDT
"TestController1" time elapsed: 00:00:00
----------------------------------------------------------

2/5 Testing: TestController2
2/5 Test: TestController2
Command: "/home/timmyhussain/Documents/16.35/2/build/test_controller" "pass"
Directory: /home/timmyhussain/Documents/16.35/2/build
"TestController2" start time: Mar 19 08:57 PDT
Output:
----------------------------------------------------------
<end of output>
Test time =   0.00 sec
----------------------------------------------------------
Test Passed.
"TestController2" end time: Mar 19 08:57 PDT
"TestController2" time elapsed: 00:00:00
----------------------------------------------------------

3/5 Testing: Test_Controller_limit
3/5 Test: Test_Controller_limit
Command: "/home/timmyhussain/Documents/16.35/2/build/test_controller" "controller1"
Directory: /home/timmyhussain/Documents/16.35/2/build
"Test_Controller_limit" start time: Mar 19 08:57 PDT
Output:
----------------------------------------------------------
<end of output>
Test time =   0.00 sec
----------------------------------------------------------
Test Passed.
"Test_Controller_limit" end time: Mar 19 08:57 PDT
"Test_Controller_limit" time elapsed: 00:00:00
----------------------------------------------------------

4/5 Testing: Test_Controller_negative
4/5 Test: Test_Controller_negative
Command: "/home/timmyhussain/Documents/16.35/2/build/test_controller" "controller2"
Directory: /home/timmyhussain/Documents/16.35/2/build
"Test_Controller_negative" start time: Mar 19 08:57 PDT
Output:
----------------------------------------------------------
<end of output>
Test time =   0.00 sec
----------------------------------------------------------
Test Passed.
"Test_Controller_negative" end time: Mar 19 08:57 PDT
"Test_Controller_negative" time elapsed: 00:00:00
----------------------------------------------------------

5/5 Testing: Test_Controller_zero
5/5 Test: Test_Controller_zero
Command: "/home/timmyhussain/Documents/16.35/2/build/test_controller" "controller3"
Directory: /home/timmyhussain/Documents/16.35/2/build
"Test_Controller_zero" start time: Mar 19 08:57 PDT
Output:
----------------------------------------------------------
<end of output>
Test time =   0.00 sec
----------------------------------------------------------
Test Passed.
"Test_Controller_zero" end time: Mar 19 08:57 PDT
"Test_Controller_zero" time elapsed: 00:00:00
----------------------------------------------------------

End testing: Mar 19 08:57 PDT
